This file contains any messages produced by compilers while
running configure, to aid debugging if configure makes a mistake.

It was created by RISC-V Frontend Server configure ?, which was
generated by GNU Autoconf 2.69.  Invocation command line was

  $ ../configure --prefix=/scratch/ruaro/riscv_install/

## --------- ##
## Platform. ##
## --------- ##

hostname = note-ubs
uname -m = x86_64
uname -r = 5.4.0-72-generic
uname -s = Linux
uname -v = #80~18.04.1-Ubuntu SMP Mon Apr 12 23:26:25 UTC 2021

/usr/bin/uname -p = unknown
/bin/uname -X     = unknown

/bin/arch              = unknown
/usr/bin/arch -k       = unknown
/usr/convex/getsysinfo = unknown
/usr/bin/hostinfo      = unknown
/bin/machine           = unknown
/usr/bin/oslevel       = unknown
/bin/universe          = unknown

PATH: /home/ruaro/openpiton/piton/tools/bin
PATH: /usr/bin
PATH: /scratch/ruaro/riscv_install/bin
PATH: /home/ruaro/openpiton/piton/design/chip/tile/ariane//tmp/verilator-4.014//bin
PATH: /home/ruaro/openpiton/piton/tools/bin
PATH: /usr/bin
PATH: /home/ruaro/memphis/build_env/bin
PATH: /home/ruaro/tools_memphis/mips-elf-gcc-4.1.1/bin
PATH: /home/ruaro/.local/bin
PATH: /home/ruaro/bin
PATH: /usr/local/sbin
PATH: /usr/local/bin
PATH: /usr/sbin
PATH: /usr/bin
PATH: /sbin
PATH: /bin
PATH: /usr/games
PATH: /usr/local/games
PATH: /snap/bin


## ----------- ##
## Core tests. ##
## ----------- ##

configure:1978: checking build system type
configure:1992: result: x86_64-unknown-linux-gnu
configure:2012: checking host system type
configure:2025: result: x86_64-unknown-linux-gnu
configure:2098: checking for gcc
configure:2125: result: gcc
configure:2354: checking for C compiler version
configure:2363: gcc --version >&5
gcc (Ubuntu 7.5.0-3ubuntu1~18.04) 7.5.0
Copyright (C) 2017 Free Software Foundation, Inc.
This is free software; see the source for copying conditions.  There is NO
warranty; not even for MERCHANTABILITY or FITNESS FOR A PARTICULAR PURPOSE.

configure:2374: $? = 0
configure:2363: gcc -v >&5
Using built-in specs.
COLLECT_GCC=gcc
COLLECT_LTO_WRAPPER=/usr/lib/gcc/x86_64-linux-gnu/7/lto-wrapper
OFFLOAD_TARGET_NAMES=nvptx-none
OFFLOAD_TARGET_DEFAULT=1
Target: x86_64-linux-gnu
Configured with: ../src/configure -v --with-pkgversion='Ubuntu 7.5.0-3ubuntu1~18.04' --with-bugurl=file:///usr/share/doc/gcc-7/README.Bugs --enable-languages=c,ada,c++,go,brig,d,fortran,objc,obj-c++ --prefix=/usr --with-gcc-major-version-only --program-suffix=-7 --program-prefix=x86_64-linux-gnu- --enable-shared --enable-linker-build-id --libexecdir=/usr/lib --without-included-gettext --enable-threads=posix --libdir=/usr/lib --enable-nls --enable-bootstrap --enable-clocale=gnu --enable-libstdcxx-debug --enable-libstdcxx-time=yes --with-default-libstdcxx-abi=new --enable-gnu-unique-object --disable-vtable-verify --enable-libmpx --enable-plugin --enable-default-pie --with-system-zlib --with-target-system-zlib --enable-objc-gc=auto --enable-multiarch --disable-werror --with-arch-32=i686 --with-abi=m64 --with-multilib-list=m32,m64,mx32 --enable-multilib --with-tune=generic --enable-offload-targets=nvptx-none --without-cuda-driver --enable-checking=release --build=x86_64-linux-gnu --host=x86_64-linux-gnu --target=x86_64-linux-gnu
Thread model: posix
gcc version 7.5.0 (Ubuntu 7.5.0-3ubuntu1~18.04) 
configure:2374: $? = 0
configure:2363: gcc -V >&5
gcc: error: unrecognized command line option '-V'
gcc: fatal error: no input files
compilation terminated.
configure:2374: $? = 1
configure:2363: gcc -qversion >&5
gcc: error: unrecognized command line option '-qversion'; did you mean '--version'?
gcc: fatal error: no input files
compilation terminated.
configure:2374: $? = 1
configure:2394: checking whether the C compiler works
configure:2416: gcc    conftest.c  >&5
configure:2420: $? = 0
configure:2468: result: yes
configure:2471: checking for C compiler default output file name
configure:2473: result: a.out
configure:2479: checking for suffix of executables
configure:2486: gcc -o conftest    conftest.c  >&5
configure:2490: $? = 0
configure:2512: result: 
configure:2534: checking whether we are cross compiling
configure:2542: gcc -o conftest    conftest.c  >&5
configure:2546: $? = 0
configure:2553: ./conftest
configure:2557: $? = 0
configure:2572: result: no
configure:2577: checking for suffix of object files
configure:2599: gcc -c   conftest.c >&5
configure:2603: $? = 0
configure:2624: result: o
configure:2628: checking whether we are using the GNU C compiler
configure:2647: gcc -c   conftest.c >&5
configure:2647: $? = 0
configure:2656: result: yes
configure:2665: checking whether gcc accepts -g
configure:2685: gcc -c -g  conftest.c >&5
configure:2685: $? = 0
configure:2726: result: yes
configure:2743: checking for gcc option to accept ISO C89
configure:2806: gcc  -c -g -O2  conftest.c >&5
configure:2806: $? = 0
configure:2819: result: none needed
configure:2951: checking for C++ compiler version
configure:2960: g++ --version >&5
g++ (Ubuntu 7.5.0-3ubuntu1~18.04) 7.5.0
Copyright (C) 2017 Free Software Foundation, Inc.
This is free software; see the source for copying conditions.  There is NO
warranty; not even for MERCHANTABILITY or FITNESS FOR A PARTICULAR PURPOSE.

configure:2971: $? = 0
configure:2960: g++ -v >&5
Using built-in specs.
COLLECT_GCC=g++
COLLECT_LTO_WRAPPER=/usr/lib/gcc/x86_64-linux-gnu/7/lto-wrapper
OFFLOAD_TARGET_NAMES=nvptx-none
OFFLOAD_TARGET_DEFAULT=1
Target: x86_64-linux-gnu
Configured with: ../src/configure -v --with-pkgversion='Ubuntu 7.5.0-3ubuntu1~18.04' --with-bugurl=file:///usr/share/doc/gcc-7/README.Bugs --enable-languages=c,ada,c++,go,brig,d,fortran,objc,obj-c++ --prefix=/usr --with-gcc-major-version-only --program-suffix=-7 --program-prefix=x86_64-linux-gnu- --enable-shared --enable-linker-build-id --libexecdir=/usr/lib --without-included-gettext --enable-threads=posix --libdir=/usr/lib --enable-nls --enable-bootstrap --enable-clocale=gnu --enable-libstdcxx-debug --enable-libstdcxx-time=yes --with-default-libstdcxx-abi=new --enable-gnu-unique-object --disable-vtable-verify --enable-libmpx --enable-plugin --enable-default-pie --with-system-zlib --with-target-system-zlib --enable-objc-gc=auto --enable-multiarch --disable-werror --with-arch-32=i686 --with-abi=m64 --with-multilib-list=m32,m64,mx32 --enable-multilib --with-tune=generic --enable-offload-targets=nvptx-none --without-cuda-driver --enable-checking=release --build=x86_64-linux-gnu --host=x86_64-linux-gnu --target=x86_64-linux-gnu
Thread model: posix
gcc version 7.5.0 (Ubuntu 7.5.0-3ubuntu1~18.04) 
configure:2971: $? = 0
configure:2960: g++ -V >&5
g++: error: unrecognized command line option '-V'
g++: fatal error: no input files
compilation terminated.
configure:2971: $? = 1
configure:2960: g++ -qversion >&5
g++: error: unrecognized command line option '-qversion'; did you mean '--version'?
g++: fatal error: no input files
compilation terminated.
configure:2971: $? = 1
configure:2975: checking whether we are using the GNU C++ compiler
configure:2994: g++ -c   conftest.cpp >&5
configure:2994: $? = 0
configure:3003: result: yes
configure:3012: checking whether g++ accepts -g
configure:3032: g++ -c -g  conftest.cpp >&5
configure:3032: $? = 0
configure:3073: result: yes
configure:3139: checking for ar
configure:3155: found /usr/bin/ar
configure:3166: result: ar
configure:3231: checking for ranlib
configure:3247: found /usr/bin/ranlib
configure:3258: result: ranlib
configure:3300: checking for a BSD-compatible install
configure:3368: result: /usr/bin/install -c
configure:3509: checking how to run the C preprocessor
configure:3540: gcc -E  conftest.c
configure:3540: $? = 0
configure:3554: gcc -E  conftest.c
conftest.c:9:10: fatal error: ac_nonexistent.h: No such file or directory
 #include <ac_nonexistent.h>
          ^~~~~~~~~~~~~~~~~~
compilation terminated.
configure:3554: $? = 1
configure: failed program was:
| /* confdefs.h */
| #define PACKAGE_NAME "RISC-V Frontend Server"
| #define PACKAGE_TARNAME "fesvr"
| #define PACKAGE_VERSION "?"
| #define PACKAGE_STRING "RISC-V Frontend Server ?"
| #define PACKAGE_BUGREPORT "Andrew Waterman"
| #define PACKAGE_URL ""
| /* end confdefs.h.  */
| #include <ac_nonexistent.h>
configure:3579: result: gcc -E
configure:3599: gcc -E  conftest.c
configure:3599: $? = 0
configure:3613: gcc -E  conftest.c
conftest.c:9:10: fatal error: ac_nonexistent.h: No such file or directory
 #include <ac_nonexistent.h>
          ^~~~~~~~~~~~~~~~~~
compilation terminated.
configure:3613: $? = 1
configure: failed program was:
| /* confdefs.h */
| #define PACKAGE_NAME "RISC-V Frontend Server"
| #define PACKAGE_TARNAME "fesvr"
| #define PACKAGE_VERSION "?"
| #define PACKAGE_STRING "RISC-V Frontend Server ?"
| #define PACKAGE_BUGREPORT "Andrew Waterman"
| #define PACKAGE_URL ""
| /* end confdefs.h.  */
| #include <ac_nonexistent.h>
configure:3642: checking for grep that handles long lines and -e
configure:3700: result: /bin/grep
configure:3705: checking for egrep
configure:3767: result: /bin/grep -E
configure:3772: checking for ANSI C header files
configure:3792: gcc -c -g -O2  conftest.c >&5
configure:3792: $? = 0
configure:3865: gcc -o conftest -g -O2   conftest.c  >&5
configure:3865: $? = 0
configure:3865: ./conftest
configure:3865: $? = 0
configure:3876: result: yes
configure:3951: configuring default subproject : fesvr
configure:3960: checking for pthread_create in -lpthread
configure:3985: gcc -o conftest -Wall -O2   conftest.c -lpthread   >&5
configure:3985: $? = 0
configure:3994: result: yes
configure:4154: creating ./config.status

## ---------------------- ##
## Running config.status. ##
## ---------------------- ##

This file was extended by RISC-V Frontend Server config.status ?, which was
generated by GNU Autoconf 2.69.  Invocation command line was

  CONFIG_FILES    = 
  CONFIG_HEADERS  = 
  CONFIG_LINKS    = 
  CONFIG_COMMANDS = 
  $ ./config.status 

on note-ubs

config.status:815: creating fesvr.mk
config.status:815: creating Makefile
config.status:815: creating riscv-fesvr.pc
config.status:815: creating config.h

## ---------------- ##
## Cache variables. ##
## ---------------- ##

ac_cv_build=x86_64-unknown-linux-gnu
ac_cv_c_compiler_gnu=yes
ac_cv_cxx_compiler_gnu=yes
ac_cv_env_CCC_set=
ac_cv_env_CCC_value=
ac_cv_env_CC_set=set
ac_cv_env_CC_value=gcc
ac_cv_env_CFLAGS_set=
ac_cv_env_CFLAGS_value=
ac_cv_env_CPPFLAGS_set=
ac_cv_env_CPPFLAGS_value=
ac_cv_env_CPP_set=
ac_cv_env_CPP_value=
ac_cv_env_CXXFLAGS_set=
ac_cv_env_CXXFLAGS_value=
ac_cv_env_CXX_set=set
ac_cv_env_CXX_value=g++
ac_cv_env_LDFLAGS_set=
ac_cv_env_LDFLAGS_value=
ac_cv_env_LIBS_set=
ac_cv_env_LIBS_value=
ac_cv_env_STOW_PREFIX_set=
ac_cv_env_STOW_PREFIX_value=
ac_cv_env_STOW_ROOT_set=
ac_cv_env_STOW_ROOT_value=
ac_cv_env_build_alias_set=
ac_cv_env_build_alias_value=
ac_cv_env_host_alias_set=
ac_cv_env_host_alias_value=
ac_cv_env_target_alias_set=
ac_cv_env_target_alias_value=
ac_cv_header_stdc=yes
ac_cv_host=x86_64-unknown-linux-gnu
ac_cv_lib_pthread_pthread_create=yes
ac_cv_objext=o
ac_cv_path_EGREP='/bin/grep -E'
ac_cv_path_GREP=/bin/grep
ac_cv_path_install='/usr/bin/install -c'
ac_cv_prog_CPP='gcc -E'
ac_cv_prog_ac_ct_AR=ar
ac_cv_prog_ac_ct_CC=gcc
ac_cv_prog_ac_ct_RANLIB=ranlib
ac_cv_prog_cc_c89=
ac_cv_prog_cc_g=yes
ac_cv_prog_cxx_g=yes

## ----------------- ##
## Output variables. ##
## ----------------- ##

AR='ar'
CC='gcc'
CFLAGS='-Wall -O2'
CPP='gcc -E'
CPPFLAGS=''
CXX='g++'
CXXFLAGS='-Wall -O2 -std=c++11'
DEFS='-DHAVE_CONFIG_H'
ECHO_C=''
ECHO_N='-n'
ECHO_T=''
EGREP='/bin/grep -E'
EXEEXT=''
GREP='/bin/grep'
INSTALL_DATA='${INSTALL} -m 644'
INSTALL_PROGRAM='${INSTALL}'
INSTALL_SCRIPT='${INSTALL}'
LDFLAGS=''
LIBOBJS=''
LIBS='-lpthread '
LTLIBOBJS=''
OBJEXT='o'
PACKAGE_BUGREPORT='Andrew Waterman'
PACKAGE_NAME='RISC-V Frontend Server'
PACKAGE_STRING='RISC-V Frontend Server ?'
PACKAGE_TARNAME='fesvr'
PACKAGE_URL=''
PACKAGE_VERSION='?'
PATH_SEPARATOR=':'
RANLIB='ranlib'
SHELL='/bin/bash'
STOW_PREFIX=''
STOW_ROOT=''
ac_ct_CC='gcc'
ac_ct_CXX=''
bindir='${exec_prefix}/bin'
build='x86_64-unknown-linux-gnu'
build_alias=''
build_cpu='x86_64'
build_os='linux-gnu'
build_vendor='unknown'
datadir='${datarootdir}'
datarootdir='${prefix}/share'
docdir='${datarootdir}/doc/${PACKAGE_TARNAME}'
dvidir='${docdir}'
enable_stow='no'
exec_prefix='${prefix}'
host='x86_64-unknown-linux-gnu'
host_alias=''
host_cpu='x86_64'
host_os='linux-gnu'
host_vendor='unknown'
htmldir='${docdir}'
includedir='${prefix}/include'
infodir='${datarootdir}/info'
libdir='${exec_prefix}/lib'
libexecdir='${exec_prefix}/libexec'
localedir='${datarootdir}/locale'
localstatedir='${prefix}/var'
mandir='${datarootdir}/man'
oldincludedir='/usr/include'
pdfdir='${docdir}'
prefix='/scratch/ruaro/riscv_install'
program_transform_name='s,x,x,'
psdir='${docdir}'
sbindir='${exec_prefix}/sbin'
sharedstatedir='${prefix}/com'
stow=''
subprojects=' fesvr'
subprojects_enabled=' fesvr'
sysconfdir='${prefix}/etc'
target_alias=''

## ----------- ##
## confdefs.h. ##
## ----------- ##

/* confdefs.h */
#define PACKAGE_NAME "RISC-V Frontend Server"
#define PACKAGE_TARNAME "fesvr"
#define PACKAGE_VERSION "?"
#define PACKAGE_STRING "RISC-V Frontend Server ?"
#define PACKAGE_BUGREPORT "Andrew Waterman"
#define PACKAGE_URL ""
#define STDC_HEADERS 1
#define FESVR_ENABLED /**/
#define HAVE_LIBPTHREAD 1

configure: exit 0
